	Registered publication: <helics.HelicsPublication(name = "Battery/0/current", type = "double", units = "A", info = "") at 0x228d8eb28b0> for Battery/0/current
	Registered publication: <helics.HelicsPublication(name = "Battery/1/current", type = "double", units = "A", info = "") at 0x228d91d6610> for Battery/1/current
	Registered input: Battery/0/voltage for Battery/0/voltage from ['Charger/0/voltage']
	Registered input: Battery/1/voltage for Battery/1/voltage from ['Charge/1/voltage']
		Model Battery_dummy.0 instantiated with the following kwargs: {'model_name': 'Battery_dummy.0', 'RL_training': True, 'stateful': True, 'mem_attrs': [], 'inputs': {'voltage': 0.0}, 'outputs': {'current': 0.0}, 'messages': {}, 'params': {'size': 25, 'soc': 0, 'effective_R': 8, 'current_soc': 0.4, 'R': 0, 'added_energy': 0, 'update_interval': 60}}!
		Memory attrs are not specified in the init_config. everything will be memorized.
		Memory instantiated for Model Battery_dummy.0!
		Initial state for Model Battery_dummy.0 set as follow: {'inputs': {'voltage': 0.0}, 'outputs': {'current': 0.0}, 'messages': {}, 'params': {'size': 25, 'soc': 0, 'effective_R': 8, 'current_soc': 0.4, 'R': 0, 'added_energy': 0, 'update_interval': 60}}
		Model Battery_dummy.1 instantiated with the following kwargs: {'model_name': 'Battery_dummy.1', 'RL_training': True, 'stateful': True, 'mem_attrs': [], 'inputs': {'voltage': 0.0}, 'outputs': {'current': 0.0}, 'messages': {}, 'params': {'size': 3, 'soc': 1, 'effective_R': 150, 'current_soc': 0, 'R': 0, 'added_energy': 0, 'update_interval': 60}}!
		Memory attrs are not specified in the init_config. everything will be memorized.
		Memory instantiated for Model Battery_dummy.1!
		Initial state for Model Battery_dummy.1 set as follow: {'inputs': {'voltage': 0.0}, 'outputs': {'current': 0.0}, 'messages': {}, 'params': {'size': 3, 'soc': 1, 'effective_R': 150, 'current_soc': 0, 'R': 0, 'added_energy': 0, 'update_interval': 60}}
	Models instantiation from fed: Battery succesfull!
	Model instances names: ['Battery_dummy.0', 'Battery_dummy.1']
[2024-05-08 11:25:34.955] [console] [warning] Battery (131072)[created]::Unable to connect to Publication target Charge/1/voltage
	Entered HELICS execution mode
Requesting time 60.0
Granted time 60.0
	data from inputs {'inputs': {'Battery/0/voltage': 241.0, 'Battery/1/voltage': -1e+49}, 'messages': {}}
4444444 1.0
		 Model Battery_dummy.0 step completed.
		 Model Battery_dummy.1 step completed.
	Publishing data : {'outputs': {'Battery/0/current': 3.719135802469135, 'Battery/1/current': -1.25e+48}, 'messages': {}}
Requesting time 120.0
Granted time 120.0
	data from inputs {'inputs': {'Battery/0/voltage': 242.0, 'Battery/1/voltage': -1e+49}, 'messages': {}}
4444444 2.0
		 Model Battery_dummy.0 step completed.
		 Model Battery_dummy.1 step completed.
	Publishing data : {'outputs': {'Battery/0/current': 3.729684153597622, 'Battery/1/current': 0}, 'messages': {}}
Requesting time 180.0
Granted time 180.0
	data from inputs {'inputs': {'Battery/0/voltage': 243.0, 'Battery/1/voltage': -1e+49}, 'messages': {}}
4444444 3.0
		 Model Battery_dummy.0 step completed.
		 Model Battery_dummy.1 step completed.
	Publishing data : {'outputs': {'Battery/0/current': 3.740170772272521, 'Battery/1/current': 0}, 'messages': {}}
Requesting time 240.0
Granted time 240.0
	data from inputs {'inputs': {'Battery/0/voltage': 244.0, 'Battery/1/voltage': -1e+49}, 'messages': {}}
4444444 4.0
		 Model Battery_dummy.0 step completed.
		 Model Battery_dummy.1 step completed.
	Publishing data : {'outputs': {'Battery/0/current': 3.7505955813453884, 'Battery/1/current': 0}, 'messages': {}}
Requesting time 300.0
Granted time 300.0
	data from inputs {'inputs': {'Battery/0/voltage': 245.0, 'Battery/1/voltage': -1e+49}, 'messages': {}}
4444444 5.0
		 Model Battery_dummy.0 step completed.
		 Model Battery_dummy.1 step completed.
	Publishing data : {'outputs': {'Battery/0/current': 3.760958508201943, 'Battery/1/current': 0}, 'messages': {}}
Requesting time 360.0
Granted time 360.0
	data from inputs {'inputs': {'Battery/0/voltage': 246.0, 'Battery/1/voltage': -1e+49}, 'messages': {}}
4444444 6.0
		 Model Battery_dummy.0 step completed.
		 Model Battery_dummy.1 step completed.
	Publishing data : {'outputs': {'Battery/0/current': 3.771259484755125, 'Battery/1/current': 0}, 'messages': {}}
Requesting time 420.0
Granted time 420.0
	data from inputs {'inputs': {'Battery/0/voltage': 247.0, 'Battery/1/voltage': -1e+49}, 'messages': {}}
4444444 7.0
		 Model Battery_dummy.0 step completed.
		 Model Battery_dummy.1 step completed.
	Publishing data : {'outputs': {'Battery/0/current': 3.781498447437117, 'Battery/1/current': 0}, 'messages': {}}
Requesting time 480.0
Granted time 480.0
	data from inputs {'inputs': {'Battery/0/voltage': 248.0, 'Battery/1/voltage': -1e+49}, 'messages': {}}
4444444 8.0
		 Model Battery_dummy.0 step completed.
		 Model Battery_dummy.1 step completed.
	Publishing data : {'outputs': {'Battery/0/current': 3.7916753371903837, 'Battery/1/current': 0}, 'messages': {}}
Requesting time 540.0
Granted time 540.0
	data from inputs {'inputs': {'Battery/0/voltage': 249.0, 'Battery/1/voltage': -1e+49}, 'messages': {}}
4444444 9.0
		 Model Battery_dummy.0 step completed.
		 Model Battery_dummy.1 step completed.
	Publishing data : {'outputs': {'Battery/0/current': 3.801790099457709, 'Battery/1/current': 0}, 'messages': {}}
Requesting time 600.0
Granted time 600.0
	data from inputs {'inputs': {'Battery/0/voltage': 250.0, 'Battery/1/voltage': -1e+49}, 'messages': {}}
4444444 10.0
		 Model Battery_dummy.0 step completed.
		 Model Battery_dummy.1 step completed.
	Publishing data : {'outputs': {'Battery/0/current': 3.8118426841712547, 'Battery/1/current': 0}, 'messages': {}}
Requesting time 660.0
Granted time 660.0
	data from inputs {'inputs': {'Battery/0/voltage': 251.0, 'Battery/1/voltage': -1e+49}, 'messages': {}}
4444444 11.0
		 Model Battery_dummy.0 step completed.
		 Model Battery_dummy.1 step completed.
	Publishing data : {'outputs': {'Battery/0/current': 3.821833045740647, 'Battery/1/current': 0}, 'messages': {}}
Requesting time 720.0
Granted time 720.0
	data from inputs {'inputs': {'Battery/0/voltage': 252.0, 'Battery/1/voltage': -1e+49}, 'messages': {}}
4444444 12.0
		 Model Battery_dummy.0 step completed.
		 Model Battery_dummy.1 step completed.
	Publishing data : {'outputs': {'Battery/0/current': 3.831761143040105, 'Battery/1/current': 0}, 'messages': {}}
Requesting time 780.0
Granted time 780.0
	data from inputs {'inputs': {'Battery/0/voltage': 253.0, 'Battery/1/voltage': -1e+49}, 'messages': {}}
4444444 13.0
		 Model Battery_dummy.0 step completed.
		 Model Battery_dummy.1 step completed.
	Publishing data : {'outputs': {'Battery/0/current': 3.8416269393946174, 'Battery/1/current': 0}, 'messages': {}}
Requesting time 840.0
Granted time 840.0
	data from inputs {'inputs': {'Battery/0/voltage': 254.0, 'Battery/1/voltage': -1e+49}, 'messages': {}}
4444444 14.0
		 Model Battery_dummy.0 step completed.
		 Model Battery_dummy.1 step completed.
	Publishing data : {'outputs': {'Battery/0/current': 3.85143040256519, 'Battery/1/current': 0}, 'messages': {}}
Requesting time 900.0
Granted time 900.0
	data from inputs {'inputs': {'Battery/0/voltage': 255.0, 'Battery/1/voltage': -1e+49}, 'messages': {}}
4444444 15.0
		 Model Battery_dummy.0 step completed.
		 Model Battery_dummy.1 step completed.
	Publishing data : {'outputs': {'Battery/0/current': 3.861171504733167, 'Battery/1/current': 0}, 'messages': {}}
Requesting time 960.0
Granted time 960.0
	data from inputs {'inputs': {'Battery/0/voltage': 256.0, 'Battery/1/voltage': -1e+49}, 'messages': {}}
4444444 16.0
		 Model Battery_dummy.0 step completed.
		 Model Battery_dummy.1 step completed.
	Publishing data : {'outputs': {'Battery/0/current': 3.8708502224836336, 'Battery/1/current': 0}, 'messages': {}}
Requesting time 1020.0
Granted time 1020.0
	data from inputs {'inputs': {'Battery/0/voltage': 257.0, 'Battery/1/voltage': -1e+49}, 'messages': {}}
4444444 17.0
		 Model Battery_dummy.0 step completed.
		 Model Battery_dummy.1 step completed.
	Publishing data : {'outputs': {'Battery/0/current': 3.880466536787933, 'Battery/1/current': 0}, 'messages': {}}
Requesting time 1080.0
Granted time 1080.0
	data from inputs {'inputs': {'Battery/0/voltage': 258.0, 'Battery/1/voltage': -1e+49}, 'messages': {}}
4444444 18.0
		 Model Battery_dummy.0 step completed.
		 Model Battery_dummy.1 step completed.
	Publishing data : {'outputs': {'Battery/0/current': 3.8900204329852865, 'Battery/1/current': 0}, 'messages': {}}
Requesting time 1140.0
Granted time 1140.0
	data from inputs {'inputs': {'Battery/0/voltage': 259.0, 'Battery/1/voltage': -1e+49}, 'messages': {}}
4444444 19.0
		 Model Battery_dummy.0 step completed.
		 Model Battery_dummy.1 step completed.
	Publishing data : {'outputs': {'Battery/0/current': 3.8995119007635477, 'Battery/1/current': 0}, 'messages': {}}
Requesting time 1200.0
Granted time 1200.0
	data from inputs {'inputs': {'Battery/0/voltage': 260.0, 'Battery/1/voltage': -1e+49}, 'messages': {}}
4444444 20.0
		 Model Battery_dummy.0 step completed.
		 Model Battery_dummy.1 step completed.
	Publishing data : {'outputs': {'Battery/0/current': 3.9089409341390993, 'Battery/1/current': 0}, 'messages': {}}
Requesting time 1260.0
Granted time 1260.0
	data from inputs {'inputs': {'Battery/0/voltage': 261.0, 'Battery/1/voltage': -1e+49}, 'messages': {}}
4444444 21.0
		 Model Battery_dummy.0 step completed.
		 Model Battery_dummy.1 step completed.
	Publishing data : {'outputs': {'Battery/0/current': 3.9183075314358984, 'Battery/1/current': 0}, 'messages': {}}
Requesting time 1320.0
Granted time 1320.0
	data from inputs {'inputs': {'Battery/0/voltage': 262.0, 'Battery/1/voltage': -1e+49}, 'messages': {}}
4444444 22.0
		 Model Battery_dummy.0 step completed.
		 Model Battery_dummy.1 step completed.
	Publishing data : {'outputs': {'Battery/0/current': 3.9276116952637, 'Battery/1/current': 0}, 'messages': {}}
Requesting time 1380.0
Granted time 1380.0
	data from inputs {'inputs': {'Battery/0/voltage': 263.0, 'Battery/1/voltage': -1e+49}, 'messages': {}}
4444444 23.0
		 Model Battery_dummy.0 step completed.
		 Model Battery_dummy.1 step completed.
	Publishing data : {'outputs': {'Battery/0/current': 3.936853432495452, 'Battery/1/current': 0}, 'messages': {}}
Requesting time 1440.0
Granted time 1440.0
	data from inputs {'inputs': {'Battery/0/voltage': 264.0, 'Battery/1/voltage': -1e+49}, 'messages': {}}
4444444 24.0
		 Model Battery_dummy.0 step completed.
		 Model Battery_dummy.1 step completed.
	Publishing data : {'outputs': {'Battery/0/current': 3.946032754243906, 'Battery/1/current': 0}, 'messages': {}}
Requesting time 1500.0
Granted time 1500.0
	data from inputs {'inputs': {'Battery/0/voltage': 265.0, 'Battery/1/voltage': -1e+49}, 'messages': {}}
4444444 25.0
		 Model Battery_dummy.0 step completed.
		 Model Battery_dummy.1 step completed.
	Publishing data : {'outputs': {'Battery/0/current': 3.9551496758374234, 'Battery/1/current': 0}, 'messages': {}}
Requesting time 1560.0
Granted time 1560.0
	data from inputs {'inputs': {'Battery/0/voltage': 266.0, 'Battery/1/voltage': -1e+49}, 'messages': {}}
4444444 26.0
		 Model Battery_dummy.0 step completed.
		 Model Battery_dummy.1 step completed.
	Publishing data : {'outputs': {'Battery/0/current': 3.9642042167950193, 'Battery/1/current': 0}, 'messages': {}}
Requesting time 1620.0
Granted time 1620.0
	data from inputs {'inputs': {'Battery/0/voltage': 267.0, 'Battery/1/voltage': -1e+49}, 'messages': {}}
4444444 27.0
		 Model Battery_dummy.0 step completed.
		 Model Battery_dummy.1 step completed.
	Publishing data : {'outputs': {'Battery/0/current': 3.973196400800644, 'Battery/1/current': 0}, 'messages': {}}
Requesting time 1680.0
Granted time 1680.0
	data from inputs {'inputs': {'Battery/0/voltage': 268.0, 'Battery/1/voltage': -1e+49}, 'messages': {}}
4444444 28.0
		 Model Battery_dummy.0 step completed.
		 Model Battery_dummy.1 step completed.
	Publishing data : {'outputs': {'Battery/0/current': 3.982126255676731, 'Battery/1/current': 0}, 'messages': {}}
Requesting time 1740.0
Granted time 1740.0
	data from inputs {'inputs': {'Battery/0/voltage': 269.0, 'Battery/1/voltage': -1e+49}, 'messages': {}}
4444444 29.0
		 Model Battery_dummy.0 step completed.
		 Model Battery_dummy.1 step completed.
	Publishing data : {'outputs': {'Battery/0/current': 3.9909938133570018, 'Battery/1/current': 0}, 'messages': {}}
Requesting time 1800.0
Granted time 1800.0
	data from inputs {'inputs': {'Battery/0/voltage': 270.0, 'Battery/1/voltage': -1e+49}, 'messages': {}}
4444444 30.0
		 Model Battery_dummy.0 step completed.
		 Model Battery_dummy.1 step completed.
	Publishing data : {'outputs': {'Battery/0/current': 3.9997991098585852, 'Battery/1/current': 0}, 'messages': {}}
Requesting time 1860.0
Granted time 1860.0
	data from inputs {'inputs': {'Battery/0/voltage': 271.0, 'Battery/1/voltage': -1e+49}, 'messages': {}}
4444444 31.0
		 Model Battery_dummy.0 step completed.
		 Model Battery_dummy.1 step completed.
	Publishing data : {'outputs': {'Battery/0/current': 4.008542185253411, 'Battery/1/current': 0}, 'messages': {}}
Requesting time 1920.0
Granted time 1920.0
	data from inputs {'inputs': {'Battery/0/voltage': 272.0, 'Battery/1/voltage': -1e+49}, 'messages': {}}
4444444 32.0
		 Model Battery_dummy.0 step completed.
		 Model Battery_dummy.1 step completed.
	Publishing data : {'outputs': {'Battery/0/current': 4.01722308363895, 'Battery/1/current': 0}, 'messages': {}}
Requesting time 1980.0
Granted time 1980.0
	data from inputs {'inputs': {'Battery/0/voltage': 273.0, 'Battery/1/voltage': -1e+49}, 'messages': {}}
4444444 33.0
		 Model Battery_dummy.0 step completed.
		 Model Battery_dummy.1 step completed.
	Publishing data : {'outputs': {'Battery/0/current': 4.025841853108278, 'Battery/1/current': 0}, 'messages': {}}
Requesting time 2040.0
Granted time 2040.0
	data from inputs {'inputs': {'Battery/0/voltage': 274.0, 'Battery/1/voltage': -1e+49}, 'messages': {}}
4444444 34.0
		 Model Battery_dummy.0 step completed.
		 Model Battery_dummy.1 step completed.
	Publishing data : {'outputs': {'Battery/0/current': 4.034398545719489, 'Battery/1/current': 0}, 'messages': {}}
Requesting time 2100.0
Granted time 2100.0
	data from inputs {'inputs': {'Battery/0/voltage': 275.0, 'Battery/1/voltage': -1e+49}, 'messages': {}}
4444444 35.0
		 Model Battery_dummy.0 step completed.
		 Model Battery_dummy.1 step completed.
	Publishing data : {'outputs': {'Battery/0/current': 4.042893217464491, 'Battery/1/current': 0}, 'messages': {}}
Requesting time 2160.0
Granted time 2160.0
	data from inputs {'inputs': {'Battery/0/voltage': 276.0, 'Battery/1/voltage': -1e+49}, 'messages': {}}
4444444 36.0
		 Model Battery_dummy.0 step completed.
		 Model Battery_dummy.1 step completed.
	Publishing data : {'outputs': {'Battery/0/current': 4.05132592823717, 'Battery/1/current': 0}, 'messages': {}}
Requesting time 2220.0
Granted time 2220.0
	data from inputs {'inputs': {'Battery/0/voltage': 277.0, 'Battery/1/voltage': -1e+49}, 'messages': {}}
4444444 37.0
		 Model Battery_dummy.0 step completed.
		 Model Battery_dummy.1 step completed.
	Publishing data : {'outputs': {'Battery/0/current': 4.059696741800967, 'Battery/1/current': 0}, 'messages': {}}
Requesting time 2280.0
Granted time 2280.0
	data from inputs {'inputs': {'Battery/0/voltage': 278.0, 'Battery/1/voltage': -1e+49}, 'messages': {}}
4444444 38.0
		 Model Battery_dummy.0 step completed.
		 Model Battery_dummy.1 step completed.
	Publishing data : {'outputs': {'Battery/0/current': 4.068005725755871, 'Battery/1/current': 0}, 'messages': {}}
Requesting time 2340.0
Granted time 2340.0
	data from inputs {'inputs': {'Battery/0/voltage': 279.0, 'Battery/1/voltage': -1e+49}, 'messages': {}}
4444444 39.0
		 Model Battery_dummy.0 step completed.
		 Model Battery_dummy.1 step completed.
	Publishing data : {'outputs': {'Battery/0/current': 4.076252951504836, 'Battery/1/current': 0}, 'messages': {}}
Requesting time 2400.0
Granted time 2400.0
	data from inputs {'inputs': {'Battery/0/voltage': 280.0, 'Battery/1/voltage': -1e+49}, 'messages': {}}
4444444 40.0
		 Model Battery_dummy.0 step completed.
		 Model Battery_dummy.1 step completed.
	Publishing data : {'outputs': {'Battery/0/current': 4.084438494219666, 'Battery/1/current': 0}, 'messages': {}}
Requesting time 2460.0
Granted time 2460.0
	data from inputs {'inputs': {'Battery/0/voltage': 281.0, 'Battery/1/voltage': -1e+49}, 'messages': {}}
4444444 41.0
		 Model Battery_dummy.0 step completed.
		 Model Battery_dummy.1 step completed.
	Publishing data : {'outputs': {'Battery/0/current': 4.092562432806346, 'Battery/1/current': 0}, 'messages': {}}
Requesting time 2520.0
Granted time 2520.0
	data from inputs {'inputs': {'Battery/0/voltage': 282.0, 'Battery/1/voltage': -1e+49}, 'messages': {}}
4444444 42.0
		 Model Battery_dummy.0 step completed.
		 Model Battery_dummy.1 step completed.
	Publishing data : {'outputs': {'Battery/0/current': 4.100624849869877, 'Battery/1/current': 0}, 'messages': {}}
Requesting time 2580.0
Granted time 2580.0
	data from inputs {'inputs': {'Battery/0/voltage': 283.0, 'Battery/1/voltage': -1e+49}, 'messages': {}}
4444444 43.0
		 Model Battery_dummy.0 step completed.
		 Model Battery_dummy.1 step completed.
	Publishing data : {'outputs': {'Battery/0/current': 4.108625831678597, 'Battery/1/current': 0}, 'messages': {}}
Requesting time 2640.0
Granted time 2640.0
	data from inputs {'inputs': {'Battery/0/voltage': 284.0, 'Battery/1/voltage': -1e+49}, 'messages': {}}
4444444 44.0
		 Model Battery_dummy.0 step completed.
		 Model Battery_dummy.1 step completed.
	Publishing data : {'outputs': {'Battery/0/current': 4.116565468128023, 'Battery/1/current': 0}, 'messages': {}}
Requesting time 2700.0
Granted time 2700.0
	data from inputs {'inputs': {'Battery/0/voltage': 285.0, 'Battery/1/voltage': -1e+49}, 'messages': {}}
4444444 45.0
		 Model Battery_dummy.0 step completed.
		 Model Battery_dummy.1 step completed.
	Publishing data : {'outputs': {'Battery/0/current': 4.124443852704227, 'Battery/1/current': 0}, 'messages': {}}
Requesting time 2760.0
Granted time 2760.0
	data from inputs {'inputs': {'Battery/0/voltage': 286.0, 'Battery/1/voltage': -1e+49}, 'messages': {}}
4444444 46.0
		 Model Battery_dummy.0 step completed.
		 Model Battery_dummy.1 step completed.
	Publishing data : {'outputs': {'Battery/0/current': 4.132261082446762, 'Battery/1/current': 0}, 'messages': {}}
Requesting time 2820.0
Granted time 2820.0
	data from inputs {'inputs': {'Battery/0/voltage': 287.0, 'Battery/1/voltage': -1e+49}, 'messages': {}}
4444444 47.0
		 Model Battery_dummy.0 step completed.
		 Model Battery_dummy.1 step completed.
	Publishing data : {'outputs': {'Battery/0/current': 4.140017257911147, 'Battery/1/current': 0}, 'messages': {}}
Requesting time 2880.0
Granted time 2880.0
	data from inputs {'inputs': {'Battery/0/voltage': 288.0, 'Battery/1/voltage': -1e+49}, 'messages': {}}
4444444 48.0
		 Model Battery_dummy.0 step completed.
		 Model Battery_dummy.1 step completed.
	Publishing data : {'outputs': {'Battery/0/current': 4.147712483130953, 'Battery/1/current': 0}, 'messages': {}}
Requesting time 2940.0
Granted time 2940.0
	data from inputs {'inputs': {'Battery/0/voltage': 289.0, 'Battery/1/voltage': -1e+49}, 'messages': {}}
4444444 49.0
		 Model Battery_dummy.0 step completed.
		 Model Battery_dummy.1 step completed.
	Publishing data : {'outputs': {'Battery/0/current': 4.155346865579466, 'Battery/1/current': 0}, 'messages': {}}
Requesting time 3000.0
Granted time 3000.0
	data from inputs {'inputs': {'Battery/0/voltage': 290.0, 'Battery/1/voltage': -1e+49}, 'messages': {}}
4444444 50.0
		 Model Battery_dummy.0 step completed.
		 Model Battery_dummy.1 step completed.
	Publishing data : {'outputs': {'Battery/0/current': 4.162920516130978, 'Battery/1/current': 0}, 'messages': {}}
Requesting time 3060.0
Granted time 3060.0
	data from inputs {'inputs': {'Battery/0/voltage': 291.0, 'Battery/1/voltage': -1e+49}, 'messages': {}}
4444444 51.0
		 Model Battery_dummy.0 step completed.
		 Model Battery_dummy.1 step completed.
	Publishing data : {'outputs': {'Battery/0/current': 4.17043354902171, 'Battery/1/current': 0}, 'messages': {}}
Requesting time 3120.0
Granted time 3120.0
	data from inputs {'inputs': {'Battery/0/voltage': 292.0, 'Battery/1/voltage': -1e+49}, 'messages': {}}
4444444 52.0
		 Model Battery_dummy.0 step completed.
		 Model Battery_dummy.1 step completed.
	Publishing data : {'outputs': {'Battery/0/current': 4.177886081810382, 'Battery/1/current': 0}, 'messages': {}}
Requesting time 3180.0
Granted time 3180.0
	data from inputs {'inputs': {'Battery/0/voltage': 293.0, 'Battery/1/voltage': -1e+49}, 'messages': {}}
4444444 53.0
		 Model Battery_dummy.0 step completed.
		 Model Battery_dummy.1 step completed.
	Publishing data : {'outputs': {'Battery/0/current': 4.1852782353384415, 'Battery/1/current': 0}, 'messages': {}}
Requesting time 3240.0
Granted time 3240.0
	data from inputs {'inputs': {'Battery/0/voltage': 294.0, 'Battery/1/voltage': -1e+49}, 'messages': {}}
4444444 54.0
		 Model Battery_dummy.0 step completed.
		 Model Battery_dummy.1 step completed.
	Publishing data : {'outputs': {'Battery/0/current': 4.192610133689985, 'Battery/1/current': 0}, 'messages': {}}
Requesting time 3300.0
Granted time 3300.0
	data from inputs {'inputs': {'Battery/0/voltage': 295.0, 'Battery/1/voltage': -1e+49}, 'messages': {}}
4444444 55.0
		 Model Battery_dummy.0 step completed.
		 Model Battery_dummy.1 step completed.
	Publishing data : {'outputs': {'Battery/0/current': 4.199881904151366, 'Battery/1/current': 0}, 'messages': {}}
Requesting time 3360.0
Granted time 3360.0
	data from inputs {'inputs': {'Battery/0/voltage': 296.0, 'Battery/1/voltage': -1e+49}, 'messages': {}}
4444444 56.0
		 Model Battery_dummy.0 step completed.
		 Model Battery_dummy.1 step completed.
	Publishing data : {'outputs': {'Battery/0/current': 4.207093677170518, 'Battery/1/current': 0}, 'messages': {}}
Requesting time 3420.0
Granted time 3420.0
	data from inputs {'inputs': {'Battery/0/voltage': 297.0, 'Battery/1/voltage': -1e+49}, 'messages': {}}
4444444 57.0
		 Model Battery_dummy.0 step completed.
		 Model Battery_dummy.1 step completed.
	Publishing data : {'outputs': {'Battery/0/current': 4.214245586316013, 'Battery/1/current': 0}, 'messages': {}}
Requesting time 3480.0
Granted time 3480.0
	data from inputs {'inputs': {'Battery/0/voltage': 298.0, 'Battery/1/voltage': -1e+49}, 'messages': {}}
4444444 58.0
		 Model Battery_dummy.0 step completed.
		 Model Battery_dummy.1 step completed.
	Publishing data : {'outputs': {'Battery/0/current': 4.221337768235848, 'Battery/1/current': 0}, 'messages': {}}
Requesting time 3540.0
Granted time 3540.0
	data from inputs {'inputs': {'Battery/0/voltage': 299.0, 'Battery/1/voltage': -1e+49}, 'messages': {}}
4444444 59.0
		 Model Battery_dummy.0 step completed.
		 Model Battery_dummy.1 step completed.
	Publishing data : {'outputs': {'Battery/0/current': 4.228370362616019, 'Battery/1/current': 0}, 'messages': {}}
Requesting time 3600.0
Granted time 3600.0
	data from inputs {'inputs': {'Battery/0/voltage': 300.0, 'Battery/1/voltage': -1e+49}, 'messages': {}}
4444444 60.0
		 Model Battery_dummy.0 step completed.
		 Model Battery_dummy.1 step completed.
	Publishing data : {'outputs': {'Battery/0/current': 4.235343512138839, 'Battery/1/current': 0}, 'messages': {}}
		 Model Battery_dummy.0 finalized with Memory : {'inputs': {'voltage': [241.0, 242.0, 243.0, 244.0, 245.0, 246.0, 247.0, 248.0, 249.0, 250.0, 251.0, 252.0, 253.0, 254.0, 255.0, 256.0, 257.0, 258.0, 259.0, 260.0, 261.0, 262.0, 263.0, 264.0, 265.0, 266.0, 267.0, 268.0, 269.0, 270.0, 271.0, 272.0, 273.0, 274.0, 275.0, 276.0, 277.0, 278.0, 279.0, 280.0, 281.0, 282.0, 283.0, 284.0, 285.0, 286.0, 287.0, 288.0, 289.0, 290.0, 291.0, 292.0, 293.0, 294.0, 295.0, 296.0, 297.0, 298.0, 299.0, 300.0]}, 'outputs': {'current': [3.719135802469135, 3.729684153597622, 3.740170772272521, 3.7505955813453884, 3.760958508201943, 3.771259484755125, 3.781498447437117, 3.7916753371903837, 3.801790099457709, 3.8118426841712547, 3.821833045740647, 3.831761143040105, 3.8416269393946174, 3.85143040256519, 3.861171504733167, 3.8708502224836336, 3.880466536787933, 3.8900204329852865, 3.8995119007635477, 3.9089409341390993, 3.9183075314358984, 3.9276116952637, 3.936853432495452, 3.946032754243906, 3.9551496758374234, 3.9642042167950193, 3.973196400800644, 3.982126255676731, 3.9909938133570018, 3.9997991098585852, 4.008542185253411, 4.01722308363895, 4.025841853108278, 4.034398545719489, 4.042893217464491, 4.05132592823717, 4.059696741800967, 4.068005725755871, 4.076252951504836, 4.084438494219666, 4.092562432806346, 4.100624849869877, 4.108625831678597, 4.116565468128023, 4.124443852704227, 4.132261082446762, 4.140017257911147, 4.147712483130953, 4.155346865579466, 4.162920516130978, 4.17043354902171, 4.177886081810382, 4.1852782353384415, 4.192610133689985, 4.199881904151366, 4.207093677170518, 4.214245586316013, 4.221337768235848, 4.228370362616019, 4.235343512138839]}, 'messages': {}, 'params': {'size': [25, 25, 25, 25, 25, 25, 25, 25, 25, 25, 25, 25, 25, 25, 25, 25, 25, 25, 25, 25, 25, 25, 25, 25, 25, 25, 25, 25, 25, 25, 25, 25, 25, 25, 25, 25, 25, 25, 25, 25, 25, 25, 25, 25, 25, 25, 25, 25, 25, 25, 25, 25, 25, 25, 25, 25, 25, 25, 25, 25], 'soc': [0, 0, 0, 0, 0, 0, 0, 0, 0, 0, 0, 0, 0, 0, 0, 0, 0, 0, 0, 0, 0, 0, 0, 0, 0, 0, 0, 0, 0, 0, 0, 0, 0, 0, 0, 0, 0, 0, 0, 0, 0, 0, 0, 0, 0, 0, 0, 0, 0, 0, 0, 0, 0, 0, 0, 0, 0, 0, 0, 0], 'effective_R': [8, 8, 8, 8, 8, 8, 8, 8, 8, 8, 8, 8, 8, 8, 8, 8, 8, 8, 8, 8, 8, 8, 8, 8, 8, 8, 8, 8, 8, 8, 8, 8, 8, 8, 8, 8, 8, 8, 8, 8, 8, 8, 8, 8, 8, 8, 8, 8, 8, 8, 8, 8, 8, 8, 8, 8, 8, 8, 8, 8], 'current_soc': [0.40059754115226337, 0.4011992635290438, 0.40180517119415193, 0.40241526807538414, 0.40302955796505713, 0.40364804452055697, 0.4042707312649016, 0.40489762158731707, 0.40552871874382707, 0.4061640258578556, 0.4068035459208429, 0.40744728179287365, 0.4080952362033182, 0.40874741175148593, 0.40940381090729056, 0.41006443601192777, 0.4107292892785641, 0.4113983727930376, 0.41207168851456943, 0.41274923827648685, 0.4134310237869567, 0.4141170466297294, 0.41480730826489365, 0.4155018100296406, 0.41620055313903853, 0.41690353868681684, 0.41761076764615934, 0.4183222408705069, 0.4190379590943689, 0.41975792293414343, 0.42048213288894587, 0.42121058934144573, 0.42194329255871144, 0.42268024269306287, 0.42342143978293134, 0.42416688375372696, 0.4249165744187129, 0.4256705114798863, 0.4264286945288662, 0.4271911230477872, 0.4279577964101996, 0.42872871388197514, 0.4295038746222185, 0.43028327768418406, 0.43106692201619784, 0.43185480646258434, 0.432646929764598, 0.43344329056135916, 0.4342438873907941, 0.43504871869057943, 0.43585778279908965, 0.43667107795634874, 0.4374886023049849, 0.4383103538911881, 0.4391363306656712, 0.43996653048463286, 0.4408009511107234, 0.44163959021401294, 0.44248244537296105, 0.44332951407538884], 'R': [64.80000000000001, 64.8848508436214, 64.97029542112422, 65.05633430956956, 65.14296806670455, 65.23019723103812, 65.31802232191909, 65.40644383961603, 65.49546226539903, 65.58507806162345, 65.6752916718155, 65.76610352075969, 65.85751401458805, 65.94952354087118, 66.042132468711, 66.13534114883527, 66.22914991369375, 66.3235590775561, 66.41856893661134, 66.51417976906886, 66.61039183526114, 66.70720537774784, 66.80462062142158, 66.9026377736149, 67.00125702420897, 67.10047854574347, 67.200302493528, 67.30072900575462, 67.40175820361199, 67.50339019140038, 67.60562505664836, 67.7084628702303, 67.8119036864853, 67.91594754333703, 68.02059446241492, 68.12584444917624, 68.23169749302923, 68.33815356745723, 68.44521263014386, 68.552874623099, 68.66113947278578, 68.77000709024834, 68.87947737124047, 68.98955019635503, 69.10022543115414, 69.21150292630008, 69.32338251768698, 69.43586402657292, 69.548947259713, 69.66263200949277, 69.77691805406228, 69.89180515747073, 70.00729306980152, 70.12338152730786, 70.24007025254872, 70.35735895452531, 70.47524732881786, 70.59373505772272, 70.71282181038984, 70.83250724296047], 'added_energy': [0.01493852880658436, 0.01504305941951041, 0.01514769162770371, 0.01525242203080458, 0.015357247241824601, 0.015462163887496013, 0.015567168608616132, 0.01567225806038692, 0.015777428912749494, 0.01588267785071356, 0.015988001574681707, 0.01609339680076844, 0.01619886026111397, 0.01630438870419264, 0.01640997889511596, 0.01651562761593017, 0.01662133166590831, 0.016727087861836732, 0.016832893038295983, 0.016938744047936098, 0.01704463776174616, 0.01715057106931816, 0.017256540879105064, 0.01736254411867319, 0.017468577734948622, 0.01757463869445792, 0.017680723983562865, 0.0177868306086894, 0.017892955596550558, 0.017999095994363636, 0.018105248870061243, 0.018211411312496574, 0.01831758043164267, 0.018423753358785665, 0.018529927246712253, 0.018636099269890984, 0.018742266624647796, 0.018848426529335535, 0.01895457622449749, 0.01906071297302511, 0.01916683406030972, 0.01927293679438842, 0.019379018506084048, 0.019485076549139307, 0.019591108300345078, 0.0196971111596629, 0.019803082550341654, 0.019909019919028572, 0.020014920735874422, 0.020120782494633057, 0.020226602712755296, 0.020332378931477192, 0.020438108715902722, 0.02054378965508092, 0.020649419362077547, 0.020754995474041225, 0.020860515652264263, 0.020965977582238046, 0.02107137897370316, 0.021176717560694197], 'update_interval': [60, 60, 60, 60, 60, 60, 60, 60, 60, 60, 60, 60, 60, 60, 60, 60, 60, 60, 60, 60, 60, 60, 60, 60, 60, 60, 60, 60, 60, 60, 60, 60, 60, 60, 60, 60, 60, 60, 60, 60, 60, 60, 60, 60, 60, 60, 60, 60, 60, 60, 60, 60, 60, 60, 60, 60, 60, 60, 60, 60]}}
		 Model Battery_dummy.1 finalized with Memory : {'inputs': {'voltage': [-1e+49, -1e+49, -1e+49, -1e+49, -1e+49, -1e+49, -1e+49, -1e+49, -1e+49, -1e+49, -1e+49, -1e+49, -1e+49, -1e+49, -1e+49, -1e+49, -1e+49, -1e+49, -1e+49, -1e+49, -1e+49, -1e+49, -1e+49, -1e+49, -1e+49, -1e+49, -1e+49, -1e+49, -1e+49, -1e+49, -1e+49, -1e+49, -1e+49, -1e+49, -1e+49, -1e+49, -1e+49, -1e+49, -1e+49, -1e+49, -1e+49, -1e+49, -1e+49, -1e+49, -1e+49, -1e+49, -1e+49, -1e+49, -1e+49, -1e+49, -1e+49, -1e+49, -1e+49, -1e+49, -1e+49, -1e+49, -1e+49, -1e+49, -1e+49, -1e+49]}, 'outputs': {'current': [-1.25e+48, 0, 0, 0, 0, 0, 0, 0, 0, 0, 0, 0, 0, 0, 0, 0, 0, 0, 0, 0, 0, 0, 0, 0, 0, 0, 0, 0, 0, 0, 0, 0, 0, 0, 0, 0, 0, 0, 0, 0, 0, 0, 0, 0, 0, 0, 0, 0, 0, 0, 0, 0, 0, 0, 0, 0, 0, 0, 0, 0]}, 'messages': {}, 'params': {'size': [3, 3, 3, 3, 3, 3, 3, 3, 3, 3, 3, 3, 3, 3, 3, 3, 3, 3, 3, 3, 3, 3, 3, 3, 3, 3, 3, 3, 3, 3, 3, 3, 3, 3, 3, 3, 3, 3, 3, 3, 3, 3, 3, 3, 3, 3, 3, 3, 3, 3, 3, 3, 3, 3, 3, 3, 3, 3, 3, 3], 'soc': [1, 1, 1, 1, 1, 1, 1, 1, 1, 1, 1, 1, 1, 1, 1, 1, 1, 1, 1, 1, 1, 1, 1, 1, 1, 1, 1, 1, 1, 1, 1, 1, 1, 1, 1, 1, 1, 1, 1, 1, 1, 1, 1, 1, 1, 1, 1, 1, 1, 1, 1, 1, 1, 1, 1, 1, 1, 1, 1, 1], 'effective_R': [150, 150, 150, 150, 150, 150, 150, 150, 150, 150, 150, 150, 150, 150, 150, 150, 150, 150, 150, 150, 150, 150, 150, 150, 150, 150, 150, 150, 150, 150, 150, 150, 150, 150, 150, 150, 150, 150, 150, 150, 150, 150, 150, 150, 150, 150, 150, 150, 150, 150, 150, 150, 150, 150, 150, 150, 150, 150, 150, 150], 'current_soc': [6.944444444444443e+91, 6.944444444444443e+91, 6.944444444444443e+91, 6.944444444444443e+91, 6.944444444444443e+91, 6.944444444444443e+91, 6.944444444444443e+91, 6.944444444444443e+91, 6.944444444444443e+91, 6.944444444444443e+91, 6.944444444444443e+91, 6.944444444444443e+91, 6.944444444444443e+91, 6.944444444444443e+91, 6.944444444444443e+91, 6.944444444444443e+91, 6.944444444444443e+91, 6.944444444444443e+91, 6.944444444444443e+91, 6.944444444444443e+91, 6.944444444444443e+91, 6.944444444444443e+91, 6.944444444444443e+91, 6.944444444444443e+91, 6.944444444444443e+91, 6.944444444444443e+91, 6.944444444444443e+91, 6.944444444444443e+91, 6.944444444444443e+91, 6.944444444444443e+91, 6.944444444444443e+91, 6.944444444444443e+91, 6.944444444444443e+91, 6.944444444444443e+91, 6.944444444444443e+91, 6.944444444444443e+91, 6.944444444444443e+91, 6.944444444444443e+91, 6.944444444444443e+91, 6.944444444444443e+91, 6.944444444444443e+91, 6.944444444444443e+91, 6.944444444444443e+91, 6.944444444444443e+91, 6.944444444444443e+91, 6.944444444444443e+91, 6.944444444444443e+91, 6.944444444444443e+91, 6.944444444444443e+91, 6.944444444444443e+91, 6.944444444444443e+91, 6.944444444444443e+91, 6.944444444444443e+91, 6.944444444444443e+91, 6.944444444444443e+91, 6.944444444444443e+91, 6.944444444444443e+91, 6.944444444444443e+91, 6.944444444444443e+91, 6.944444444444443e+91], 'R': [8.0, 150.0, 150.0, 150.0, 150.0, 150.0, 150.0, 150.0, 150.0, 150.0, 150.0, 150.0, 150.0, 150.0, 150.0, 150.0, 150.0, 150.0, 150.0, 150.0, 150.0, 150.0, 150.0, 150.0, 150.0, 150.0, 150.0, 150.0, 150.0, 150.0, 150.0, 150.0, 150.0, 150.0, 150.0, 150.0, 150.0, 150.0, 150.0, 150.0, 150.0, 150.0, 150.0, 150.0, 150.0, 150.0, 150.0, 150.0, 150.0, 150.0, 150.0, 150.0, 150.0, 150.0, 150.0, 150.0, 150.0, 150.0, 150.0, 150.0], 'added_energy': [2.083333333333333e+92, -0.0, -0.0, -0.0, -0.0, -0.0, -0.0, -0.0, -0.0, -0.0, -0.0, -0.0, -0.0, -0.0, -0.0, -0.0, -0.0, -0.0, -0.0, -0.0, -0.0, -0.0, -0.0, -0.0, -0.0, -0.0, -0.0, -0.0, -0.0, -0.0, -0.0, -0.0, -0.0, -0.0, -0.0, -0.0, -0.0, -0.0, -0.0, -0.0, -0.0, -0.0, -0.0, -0.0, -0.0, -0.0, -0.0, -0.0, -0.0, -0.0, -0.0, -0.0, -0.0, -0.0, -0.0, -0.0, -0.0, -0.0, -0.0, -0.0], 'update_interval': [60, 60, 60, 60, 60, 60, 60, 60, 60, 60, 60, 60, 60, 60, 60, 60, 60, 60, 60, 60, 60, 60, 60, 60, 60, 60, 60, 60, 60, 60, 60, 60, 60, 60, 60, 60, 60, 60, 60, 60, 60, 60, 60, 60, 60, 60, 60, 60, 60, 60, 60, 60, 60, 60, 60, 60, 60, 60, 60, 60]}}
	Federate finalized
